[2026-03-08 11:12:22] AUTH: LOGIN_SUCCESS - User: test@example.com - map[action:LOGIN_SUCCESS details:User logged in successfully user_id:test@example.com]
[2026-03-08 11:12:22] SUCCESS: Giriş başarılı - {AccessToken:access-token RefreshToken:refresh-token}
[2026-03-08 11:12:22] AUTH: LOGIN_FAILED - User: test@example.com - map[action:LOGIN_FAILED details:Invalid credentials user_id:test@example.com]
[2026-03-08 11:12:22] CUSTOM_ERROR: Kullanıcı veya şifre hatalı - map[code:401 details:map[] type:auth]
[2026-03-08 11:12:22] CUSTOM_ERROR: Email alanı zorunludur; Şifre alanı zorunludur - map[code:400 details:map[validation_errors:[Email alanı zorunludur Şifre alanı zorunludur]] type:validation]
[2026-03-08 11:12:22] CUSTOM_ERROR: Geçersiz istek formatı - map[code:400 details:map[] type:validation]
[2026-03-08 11:12:22] TOKEN_GENERATE: Access token generation failed - map[error:token üretilemedi user_id:1]
[2026-03-08 11:12:22] CUSTOM_ERROR: Access token üretilemedi - map[code:500 details:map[] type:internal]
[2026-03-08 11:12:22] HTTP_ERROR: Geçersiz refresh token - map[error:<nil> status:401]
[2026-03-08 11:12:22] HTTP_ERROR: Geçersiz refresh token - map[error:<nil> status:401]
[2026-03-08 11:12:22] HTTP_ERROR: Geçersiz refresh token - map[error:db hatası status:500]
[2026-03-08 11:12:22] HTTP_ERROR: Authorization header gerekli - map[error:<nil> status:401]
[2026-03-08 11:12:22] HTTP_ERROR: Bearer token gerekli - map[error:<nil> status:401]
[2026-03-08 11:12:22] HTTP_ERROR: Bearer token gerekli - map[error:<nil> status:401]
[2026-03-08 11:12:22] HTTP_ERROR: Bearer token gerekli - map[error:<nil> status:401]
[2026-03-08 11:12:22] HTTP_ERROR: Geçersiz veya süresi dolmuş token - map[error:token is malformed: could not JSON decode header: invalid character '\u0081' looking for beginning of value status:401]
[2026-03-08 11:12:35] AUTH: LOGIN_SUCCESS - User: test@example.com - map[action:LOGIN_SUCCESS details:User logged in successfully user_id:test@example.com]
[2026-03-08 11:12:35] SUCCESS: Giriş başarılı - {AccessToken:access-token RefreshToken:refresh-token}
[2026-03-08 11:12:35] AUTH: LOGIN_FAILED - User: test@example.com - map[action:LOGIN_FAILED details:Invalid credentials user_id:test@example.com]
[2026-03-08 11:12:35] CUSTOM_ERROR: Kullanıcı veya şifre hatalı - map[code:401 details:map[] type:auth]
[2026-03-08 11:12:35] CUSTOM_ERROR: Email alanı zorunludur; Şifre alanı zorunludur - map[code:400 details:map[validation_errors:[Email alanı zorunludur Şifre alanı zorunludur]] type:validation]
[2026-03-08 11:12:35] CUSTOM_ERROR: Geçersiz istek formatı - map[code:400 details:map[] type:validation]
[2026-03-08 11:12:35] TOKEN_GENERATE: Access token generation failed - map[error:token üretilemedi user_id:1]
[2026-03-08 11:12:35] CUSTOM_ERROR: Access token üretilemedi - map[code:500 details:map[] type:internal]
[2026-03-08 11:12:35] HTTP_ERROR: Geçersiz refresh token - map[error:<nil> status:401]
[2026-03-08 11:12:35] HTTP_ERROR: Geçersiz refresh token - map[error:<nil> status:401]
[2026-03-08 11:12:35] HTTP_ERROR: Geçersiz refresh token - map[error:db hatası status:500]
[2026-03-08 11:12:35] HTTP_ERROR: Authorization header gerekli - map[error:<nil> status:401]
[2026-03-08 11:12:35] HTTP_ERROR: Bearer token gerekli - map[error:<nil> status:401]
[2026-03-08 11:12:35] HTTP_ERROR: Bearer token gerekli - map[error:<nil> status:401]
[2026-03-08 11:12:35] HTTP_ERROR: Bearer token gerekli - map[error:<nil> status:401]
[2026-03-08 11:12:35] HTTP_ERROR: Geçersiz veya süresi dolmuş token - map[error:token is malformed: could not JSON decode header: invalid character '\u0081' looking for beginning of value status:401]
[2026-03-08 11:12:46] AUTH: LOGIN_SUCCESS - User: test@example.com - map[action:LOGIN_SUCCESS details:User logged in successfully user_id:test@example.com]
[2026-03-08 11:12:46] SUCCESS: Giriş başarılı - {AccessToken:access-token RefreshToken:refresh-token}
[2026-03-08 11:12:46] AUTH: LOGIN_FAILED - User: test@example.com - map[action:LOGIN_FAILED details:Invalid credentials user_id:test@example.com]
[2026-03-08 11:12:46] CUSTOM_ERROR: Kullanıcı veya şifre hatalı - map[code:401 details:map[] type:auth]
[2026-03-08 11:12:46] CUSTOM_ERROR: Email alanı zorunludur; Şifre alanı zorunludur - map[code:400 details:map[validation_errors:[Email alanı zorunludur Şifre alanı zorunludur]] type:validation]
[2026-03-08 11:12:46] CUSTOM_ERROR: Geçersiz istek formatı - map[code:400 details:map[] type:validation]
[2026-03-08 11:12:46] TOKEN_GENERATE: Access token generation failed - map[error:token üretilemedi user_id:1]
[2026-03-08 11:12:46] CUSTOM_ERROR: Access token üretilemedi - map[code:500 details:map[] type:internal]
[2026-03-08 11:12:46] HTTP_ERROR: Geçersiz refresh token - map[error:<nil> status:401]
[2026-03-08 11:12:46] HTTP_ERROR: Geçersiz refresh token - map[error:<nil> status:401]
[2026-03-08 11:12:46] HTTP_ERROR: Geçersiz refresh token - map[error:db hatası status:500]
[2026-03-08 11:12:46] HTTP_ERROR: Authorization header gerekli - map[error:<nil> status:401]
[2026-03-08 11:12:46] HTTP_ERROR: Bearer token gerekli - map[error:<nil> status:401]
[2026-03-08 11:12:46] HTTP_ERROR: Bearer token gerekli - map[error:<nil> status:401]
[2026-03-08 11:12:46] HTTP_ERROR: Bearer token gerekli - map[error:<nil> status:401]
[2026-03-08 11:12:46] HTTP_ERROR: Geçersiz veya süresi dolmuş token - map[error:token is malformed: could not JSON decode header: invalid character '\u0081' looking for beginning of value status:401]
[2026-03-08 11:12:57] AUTH: LOGIN_SUCCESS - User: test@example.com - map[action:LOGIN_SUCCESS details:User logged in successfully user_id:test@example.com]
[2026-03-08 11:12:57] SUCCESS: Giriş başarılı - {AccessToken:access-token RefreshToken:refresh-token}
[2026-03-08 11:12:57] AUTH: LOGIN_FAILED - User: test@example.com - map[action:LOGIN_FAILED details:Invalid credentials user_id:test@example.com]
[2026-03-08 11:12:57] CUSTOM_ERROR: Kullanıcı veya şifre hatalı - map[code:401 details:map[] type:auth]
[2026-03-08 11:12:57] CUSTOM_ERROR: Email alanı zorunludur; Şifre alanı zorunludur - map[code:400 details:map[validation_errors:[Email alanı zorunludur Şifre alanı zorunludur]] type:validation]
[2026-03-08 11:12:57] CUSTOM_ERROR: Geçersiz istek formatı - map[code:400 details:map[] type:validation]
[2026-03-08 11:12:57] TOKEN_GENERATE: Access token generation failed - map[error:token üretilemedi user_id:1]
[2026-03-08 11:12:57] CUSTOM_ERROR: Access token üretilemedi - map[code:500 details:map[] type:internal]
[2026-03-08 11:12:57] HTTP_ERROR: Geçersiz refresh token - map[error:<nil> status:401]
[2026-03-08 11:12:57] HTTP_ERROR: Geçersiz refresh token - map[error:<nil> status:401]
[2026-03-08 11:12:57] HTTP_ERROR: Geçersiz refresh token - map[error:db hatası status:500]
[2026-03-08 11:12:57] HTTP_ERROR: Authorization header gerekli - map[error:<nil> status:401]
[2026-03-08 11:12:57] HTTP_ERROR: Bearer token gerekli - map[error:<nil> status:401]
[2026-03-08 11:12:57] HTTP_ERROR: Bearer token gerekli - map[error:<nil> status:401]
[2026-03-08 11:12:57] HTTP_ERROR: Bearer token gerekli - map[error:<nil> status:401]
[2026-03-08 11:12:57] HTTP_ERROR: Geçersiz veya süresi dolmuş token - map[error:token is malformed: could not JSON decode header: invalid character '\u0081' looking for beginning of value status:401]
[2026-03-08 11:13:07] AUTH: LOGIN_SUCCESS - User: test@example.com - map[action:LOGIN_SUCCESS details:User logged in successfully user_id:test@example.com]
[2026-03-08 11:13:07] SUCCESS: Giriş başarılı - {AccessToken:access-token RefreshToken:refresh-token}
[2026-03-08 11:13:07] AUTH: LOGIN_FAILED - User: test@example.com - map[action:LOGIN_FAILED details:Invalid credentials user_id:test@example.com]
[2026-03-08 11:13:07] CUSTOM_ERROR: Kullanıcı veya şifre hatalı - map[code:401 details:map[] type:auth]
[2026-03-08 11:13:07] CUSTOM_ERROR: Email alanı zorunludur; Şifre alanı zorunludur - map[code:400 details:map[validation_errors:[Email alanı zorunludur Şifre alanı zorunludur]] type:validation]
[2026-03-08 11:13:07] CUSTOM_ERROR: Geçersiz istek formatı - map[code:400 details:map[] type:validation]
[2026-03-08 11:13:07] TOKEN_GENERATE: Access token generation failed - map[error:token üretilemedi user_id:1]
[2026-03-08 11:13:07] CUSTOM_ERROR: Access token üretilemedi - map[code:500 details:map[] type:internal]
[2026-03-08 11:13:07] HTTP_ERROR: Geçersiz refresh token - map[error:<nil> status:401]
[2026-03-08 11:13:07] HTTP_ERROR: Geçersiz refresh token - map[error:<nil> status:401]
[2026-03-08 11:13:07] HTTP_ERROR: Geçersiz refresh token - map[error:db hatası status:500]
[2026-03-08 11:13:07] HTTP_ERROR: Authorization header gerekli - map[error:<nil> status:401]
[2026-03-08 11:13:07] HTTP_ERROR: Bearer token gerekli - map[error:<nil> status:401]
[2026-03-08 11:13:07] HTTP_ERROR: Bearer token gerekli - map[error:<nil> status:401]
[2026-03-08 11:13:07] HTTP_ERROR: Bearer token gerekli - map[error:<nil> status:401]
[2026-03-08 11:13:07] HTTP_ERROR: Geçersiz veya süresi dolmuş token - map[error:token is malformed: could not JSON decode header: invalid character '\u0081' looking for beginning of value status:401]
