[2026-03-08 11:12:22] HTTP_ERROR: test hata - map[error:<nil> status:400]
[2026-03-08 11:12:22] HTTP_ERROR: sunucu hatası - map[error:iç hata status:500]
[2026-03-08 11:12:22] HTTP_ERROR: hata mesajı - map[error:bir hata status:500]
[2026-03-08 11:12:22] CUSTOM_ERROR: yasak - map[code:403 details:map[] type:permission]
[2026-03-08 11:12:22] CUSTOM_ERROR: bulunamadı - map[code:404 details:map[] type:not_found]
[2026-03-08 11:12:22] CUSTOM_ERROR: yetkisiz - map[code:401 details:map[] type:auth]
[2026-03-08 11:12:22] SUCCESS: işlem başarılı - map[id:42]
[2026-03-08 11:12:34] HTTP_ERROR: test hata - map[error:<nil> status:400]
[2026-03-08 11:12:34] HTTP_ERROR: sunucu hatası - map[error:iç hata status:500]
[2026-03-08 11:12:34] HTTP_ERROR: hata mesajı - map[error:bir hata status:500]
[2026-03-08 11:12:34] CUSTOM_ERROR: yasak - map[code:403 details:map[] type:permission]
[2026-03-08 11:12:34] CUSTOM_ERROR: bulunamadı - map[code:404 details:map[] type:not_found]
[2026-03-08 11:12:34] CUSTOM_ERROR: yetkisiz - map[code:401 details:map[] type:auth]
[2026-03-08 11:12:34] SUCCESS: işlem başarılı - map[id:42]
[2026-03-08 11:12:45] HTTP_ERROR: test hata - map[error:<nil> status:400]
[2026-03-08 11:12:45] HTTP_ERROR: sunucu hatası - map[error:iç hata status:500]
[2026-03-08 11:12:45] HTTP_ERROR: hata mesajı - map[error:bir hata status:500]
[2026-03-08 11:12:45] CUSTOM_ERROR: yasak - map[code:403 details:map[] type:permission]
[2026-03-08 11:12:45] CUSTOM_ERROR: bulunamadı - map[code:404 details:map[] type:not_found]
[2026-03-08 11:12:45] CUSTOM_ERROR: yetkisiz - map[code:401 details:map[] type:auth]
[2026-03-08 11:12:45] SUCCESS: işlem başarılı - map[id:42]
[2026-03-08 11:12:57] HTTP_ERROR: test hata - map[error:<nil> status:400]
[2026-03-08 11:12:57] HTTP_ERROR: sunucu hatası - map[error:iç hata status:500]
[2026-03-08 11:12:57] HTTP_ERROR: hata mesajı - map[error:bir hata status:500]
[2026-03-08 11:12:57] CUSTOM_ERROR: yasak - map[code:403 details:map[] type:permission]
[2026-03-08 11:12:57] CUSTOM_ERROR: bulunamadı - map[code:404 details:map[] type:not_found]
[2026-03-08 11:12:57] CUSTOM_ERROR: yetkisiz - map[code:401 details:map[] type:auth]
[2026-03-08 11:12:57] SUCCESS: işlem başarılı - map[id:42]
[2026-03-08 11:13:06] HTTP_ERROR: test hata - map[error:<nil> status:400]
[2026-03-08 11:13:06] HTTP_ERROR: sunucu hatası - map[error:iç hata status:500]
[2026-03-08 11:13:06] HTTP_ERROR: hata mesajı - map[error:bir hata status:500]
[2026-03-08 11:13:06] CUSTOM_ERROR: yasak - map[code:403 details:map[] type:permission]
[2026-03-08 11:13:06] CUSTOM_ERROR: bulunamadı - map[code:404 details:map[] type:not_found]
[2026-03-08 11:13:06] CUSTOM_ERROR: yetkisiz - map[code:401 details:map[] type:auth]
[2026-03-08 11:13:06] SUCCESS: işlem başarılı - map[id:42]
